"Severity","ThreadID","Date","Time","Application","Message"
"ERROR","Thread-4421","02/12/2016","00:14:23","controler","stop thread (7) because run into a timeout path: /Users/nischi/Sites/nis_bots/index.cfm (/Users/nischi/Sites/nis_bots/model/services/tictactoe.cfc).;java.lang.Throwable;java.lang.Throwable
	at lucee.commons.collection.concurrent.ConcurrentHashMapPro.<init>(ConcurrentHashMapPro.java:730)
	at lucee.commons.collection.concurrent.ConcurrentHashMapPro.<init>(ConcurrentHashMapPro.java:762)
	at lucee.commons.collection.MapFactory.getConcurrentMap(MapFactory.java:33)
	at lucee.runtime.type.StructImpl.<init>(StructImpl.java:83)
	at lucee.runtime.type.StructImpl.<init>(StructImpl.java:57)
	at lucee.runtime.functions.struct.Struct_._call(Struct_.java:45)
	at lucee.runtime.functions.struct.LiteralStruct.call(LiteralStruct.java:31)
	at framework.ioc_cfc$cf.udfCall2(/Users/nischi/Sites/nis_bots/framework/ioc.cfc:291)
	at framework.ioc_cfc$cf.udfCall(/Users/nischi/Sites/nis_bots/framework/ioc.cfc)
	at lucee.runtime.type.UDFImpl.implementation(UDFImpl.java:111)
	at lucee.runtime.type.UDFImpl._call(UDFImpl.java:328)
	at lucee.runtime.type.UDFImpl.call(UDFImpl.java:229)
	at lucee.runtime.type.scope.UndefinedImpl.call(UndefinedImpl.java:766)
	at lucee.runtime.util.VariableUtilImpl.callFunctionWithoutNamedValues(VariableUtilImpl.java:742)
	at lucee.runtime.PageContextImpl.getFunction(PageContextImpl.java:1590)
	at framework.ioc_cfc$cf.udfCall4(/Users/nischi/Sites/nis_bots/framework/ioc.cfc:701)
	at framework.ioc_cfc$cf.udfCall(/Users/nischi/Sites/nis_bots/framework/ioc.cfc)
	at lucee.runtime.type.UDFImpl.implementation(UDFImpl.java:111)
	at lucee.runtime.type.UDFImpl._call(UDFImpl.java:328)
	at lucee.runtime.type.UDFImpl.call(UDFImpl.java:229)
	at lucee.runtime.type.scope.UndefinedImpl.call(UndefinedImpl.java:766)
	at lucee.runtime.util.VariableUtilImpl.callFunctionWithoutNamedValues(VariableUtilImpl.java:742)
	at lucee.runtime.PageContextImpl.getFunction(PageContextImpl.java:1590)
	at framework.ioc_cfc$cf.udfCall4(/Users/nischi/Sites/nis_bots/framework/ioc.cfc:620)
	at framework.ioc_cfc$cf.udfCall(/Users/nischi/Sites/nis_bots/framework/ioc.cfc)
	at lucee.runtime.type.UDFImpl.implementation(UDFImpl.java:111)
	at lucee.runtime.type.UDFImpl._call(UDFImpl.java:328)
	at lucee.runtime.type.UDFImpl.call(UDFImpl.java:229)
	at lucee.runtime.type.scope.UndefinedImpl.call(UndefinedImpl.java:766)
	at lucee.runtime.util.VariableUtilImpl.callFunctionWithoutNamedValues(VariableUtilImpl.java:742)
	at lucee.runtime.PageContextImpl.getFunction(PageContextImpl.java:1590)
	at framework.ioc_cfc$cf.udfCall1(/Users/nischi/Sites/nis_bots/framework/ioc.cfc:132)
	at framework.ioc_cfc$cf.udfCall(/Users/nischi/Sites/nis_bots/framework/ioc.cfc)
	at lucee.runtime.type.UDFImpl.implementation(UDFImpl.java:111)
	at lucee.runtime.type.UDFImpl._call(UDFImpl.java:328)
	at lucee.runtime.type.UDFImpl.call(UDFImpl.java:229)
	at lucee.runtime.ComponentImpl._call(ComponentImpl.java:642)
	at lucee.runtime.ComponentImpl._call(ComponentImpl.java:524)
	at lucee.runtime.ComponentImpl.call(ComponentImpl.java:1761)
	at lucee.runtime.util.VariableUtilImpl.callFunctionWithoutNamedValues(VariableUtilImpl.java:742)
	at lucee.runtime.PageContextImpl.getFunction(PageContextImpl.java:1590)
	at model.services.tictactoe_cfc$cf.udfCall(/Users/nischi/Sites/nis_bots/model/services/tictactoe.cfc:115)
	at lucee.runtime.type.UDFImpl.implementation(UDFImpl.java:111)
	at lucee.runtime.type.UDFImpl._call(UDFImpl.java:328)
	at lucee.runtime.type.UDFImpl.call(UDFImpl.java:229)
	at lucee.runtime.type.scope.UndefinedImpl.call(UndefinedImpl.java:766)
	at lucee.runtime.util.VariableUtilImpl.callFunctionWithoutNamedValues(VariableUtilImpl.java:742)
	at lucee.runtime.PageContextImpl.getFunction(PageContextImpl.java:1590)
	at model.services.tictactoe_cfc$cf.udfCall(/Users/nischi/Sites/nis_bots/model/services/tictactoe.cfc:123)
	at lucee.runtime.type.UDFImpl.implementation(UDFImpl.java:111)
	at lucee.runtime.type.UDFImpl._call(UDFImpl.java:328)
	at lucee.runtime.type.UDFImpl.call(UDFImpl.java:229)
	at lucee.runtime.type.scope.UndefinedImpl.call(UndefinedImpl.java:766)
	at lucee.runtime.util.VariableUtilImpl.callFunctionWithoutNamedValues(VariableUtilImpl.java:742)
	at lucee.runtime.PageContextImpl.getFunction(PageContextImpl.java:1590)
	at model.services.tictactoe_cfc$cf.udfCall(/Users/nischi/Sites/nis_bots/model/services/tictactoe.cfc:123)
	at lucee.runtime.type.UDFImpl.implementation(UDFImpl.java:111)
	at lucee.runtime.type.UDFImpl._call(UDFImpl.java:328)
	at lucee.runtime.type.UDFImpl.call(UDFImpl.java:229)
	at lucee.runtime.type.scope.UndefinedImpl.call(UndefinedImpl.java:766)
	at lucee.runtime.util.VariableUtilImpl.callFunctionWithoutNamedValues(VariableUtilImpl.java:742)
	at lucee.runtime.PageContextImpl.getFunction(PageContextImpl.java:1590)
	at model.services.tictactoe_cfc$cf.udfCall(/Users/nischi/Sites/nis_bots/model/services/tictactoe.cfc:123)
	at lucee.runtime.type.UDFImpl.implementation(UDFImpl.java:111)
	at lucee.runtime.type.UDFImpl._call(UDFImpl.java:328)
	at lucee.runtime.type.UDFImpl.call(UDFImpl.java:229)
	at lucee.runtime.type.scope.UndefinedImpl.call(UndefinedImpl.java:766)
	at lucee.runtime.util.VariableUtilImpl.callFunctionWithoutNamedValues(VariableUtilImpl.java:742)
	at lucee.runtime.PageContextImpl.getFunction(PageContextImpl.java:1590)
	at model.services.tictactoe_cfc$cf.udfCall(/Users/nischi/Sites/nis_bots/model/services/tictactoe.cfc:123)
	at lucee.runtime.type.UDFImpl.implementation(UDFImpl.java:111)
	at lucee.runtime.type.UDFImpl._call(UDFImpl.java:328)
	at lucee.runtime.type.UDFImpl.call(UDFImpl.java:229)
	at lucee.runtime.type.scope.UndefinedImpl.call(UndefinedImpl.java:766)
	at lucee.runtime.util.VariableUtilImpl.callFunctionWithoutNamedValues(VariableUtilImpl.java:742)
	at lucee.runtime.PageContextImpl.getFunction(PageContextImpl.java:1590)
	at model.services.tictactoe_cfc$cf.udfCall(/Users/nischi/Sites/nis_bots/model/services/tictactoe.cfc:123)
	at lucee.runtime.type.UDFImpl.implementation(UDFImpl.java:111)
	at lucee.runtime.type.UDFImpl._call(UDFImpl.java:328)
	at lucee.runtime.type.UDFImpl.call(UDFImpl.java:229)
	at lucee.runtime.type.scope.UndefinedImpl.call(UndefinedImpl.java:766)
	at lucee.runtime.util.VariableUtilImpl.callFunctionWithoutNamedValues(VariableUtilImpl.java:742)
	at lucee.runtime.PageContextImpl.getFunction(PageContextImpl.java:1590)
	at model.services.tictactoe_cfc$cf.udfCall(/Users/nischi/Sites/nis_bots/model/services/tictactoe.cfc:123)
	at lucee.runtime.type.UDFImpl.implementation(UDFImpl.java:111)
	at lucee.runtime.type.UDFImpl._call(UDFImpl.java:328)
	at lucee.runtime.type.UDFImpl.call(UDFImpl.java:229)
	at lucee.runtime.type.scope.UndefinedImpl.call(UndefinedImpl.java:766)
	at lucee.runtime.util.VariableUtilImpl.callFunctionWithoutNamedValues(VariableUtilImpl.java:742)
	at lucee.runtime.PageContextImpl.getFunction(PageContextImpl.java:1590)
	at model.services.tictactoe_cfc$cf.udfCall(/Users/nischi/Sites/nis_bots/model/services/tictactoe.cfc:123)
	at lucee.runtime.type.UDFImpl.implementation(UDFImpl.java:111)
	at lucee.runtime.type.UDFImpl._call(UDFImpl.java:328)
	at lucee.runtime.type.UDFImpl.call(UDFImpl.java:229)
	at lucee.runtime.type.scope.UndefinedImpl.call(UndefinedImpl.java:766)
	at lucee.runtime.util.VariableUtilImpl.callFunctionWithoutNamedValues(VariableUtilImpl.java:742)
	at lucee.runtime.PageContextImpl.getFunction(PageContextImpl.java:1590)
	at model.services.tictactoe_cfc$cf.udfCall(/Users/nischi/Sites/nis_bots/model/services/tictactoe.cfc:123)
	at lucee.runtime.type.UDFImpl.implementation(UDFImpl.java:111)
	at lucee.runtime.type.UDFImpl._call(UDFImpl.java:328)
	at lucee.runtime.type.UDFImpl.call(UDFImpl.java:229)
	at lucee.runtime.type.scope.UndefinedImpl.call(UndefinedImpl.java:766)
	at lucee.runtime.util.VariableUtilImpl.callFunctionWithoutNamedValues(VariableUtilImpl.java:742)
	at lucee.runtime.PageContextImpl.getFunction(PageContextImpl.java:1590)
	at model.services.tictactoe_cfc$cf.udfCall(/Users/nischi/Sites/nis_bots/model/services/tictactoe.cfc:123)
	at lucee.runtime.type.UDFImpl.implementation(UDFImpl.java:111)
	at lucee.runtime.type.UDFImpl._call(UDFImpl.java:328)
	at lucee.runtime.type.UDFImpl.call(UDFImpl.java:229)
	at lucee.runtime.type.scope.UndefinedImpl.call(UndefinedImpl.java:766)
	at lucee.runtime.util.VariableUtilImpl.callFunctionWithoutNamedValues(VariableUtilImpl.java:742)
	at lucee.runtime.PageContextImpl.getFunction(PageContextImpl.java:1590)
	at model.services.tictactoe_cfc$cf.udfCall(/Users/nischi/Sites/nis_bots/model/services/tictactoe.cfc:123)
	at lucee.runtime.type.UDFImpl.implementation(UDFImpl.java:111)
	at lucee.runtime.type.UDFImpl._call(UDFImpl.java:328)
	at lucee.runtime.type.UDFImpl.call(UDFImpl.java:229)
	at lucee.runtime.type.scope.UndefinedImpl.call(UndefinedImpl.java:766)
	at lucee.runtime.util.VariableUtilImpl.callFunctionWithoutNamedValues(VariableUtilImpl.java:742)
	at lucee.runtime.PageContextImpl.getFunction(PageContextImpl.java:1590)
	at model.services.tictactoe_cfc$cf.udfCall(/Users/nischi/Sites/nis_bots/model/services/tictactoe.cfc:8)
	at lucee.runtime.type.UDFImpl.implementation(UDFImpl.java:111)
	at lucee.runtime.type.UDFImpl._call(UDFImpl.java:328)
	at lucee.runtime.type.UDFImpl.call(UDFImpl.java:229)
	at lucee.runtime.ComponentImpl._call(ComponentImpl.java:642)
	at lucee.runtime.ComponentImpl._call(ComponentImpl.java:524)
	at lucee.runtime.ComponentImpl.call(ComponentImpl.java:1761)
	at lucee.runtime.util.VariableUtilImpl.callFunctionWithoutNamedValues(VariableUtilImpl.java:742)
	at lucee.runtime.PageContextImpl.getFunction(PageContextImpl.java:1590)
	at controllers.tictactoe_cfc$cf.udfCall(/Users/nischi/Sites/nis_bots/controllers/tictactoe.cfc:13)
	at lucee.runtime.type.UDFImpl.implementation(UDFImpl.java:111)
	at lucee.runtime.type.UDFImpl._call(UDFImpl.java:328)
	at lucee.runtime.type.UDFImpl.callWithNamedValues(UDFImpl.java:216)
	at lucee.runtime.ComponentImpl._call(ComponentImpl.java:643)
	at lucee.runtime.ComponentImpl._call(ComponentImpl.java:524)
	at lucee.runtime.ComponentImpl.callWithNamedValues(ComponentImpl.java:1778)
	at lucee.runtime.util.VariableUtilImpl.callFunctionWithNamedValues(VariableUtilImpl.java:773)
	at lucee.runtime.util.VariableUtilImpl.callFunctionWithNamedValues(VariableUtilImpl.java:767)
	at lucee.runtime.util.VariableUtilImpl.callFunction(VariableUtilImpl.java:728)
	at lucee.runtime.interpreter.ref.func.UDFCall.getValue(UDFCall.java:65)
	at lucee.runtime.interpreter.CFMLExpressionInterpreter.interpret(CFMLExpressionInterpreter.java:209)
	at lucee.runtime.functions.dynamicEvaluation.Evaluate._call(Evaluate.java:109)
	at lucee.runtime.functions.dynamicEvaluation.Evaluate.call(Evaluate.java:102)
	at lucee.runtime.functions.dynamicEvaluation.Evaluate.call(Evaluate.java:43)
	at framework.one_cfc$cf.udfCall8(/Users/nischi/Sites/nis_bots/framework/one.cfc:1412)
	at framework.one_cfc$cf.udfCall(/Users/nischi/Sites/nis_bots/framework/one.cfc)
	at lucee.runtime.type.UDFImpl.implementation(UDFImpl.java:111)
	at lucee.runtime.type.UDFImpl._call(UDFImpl.java:328)
	at lucee.runtime.type.UDFImpl.call(UDFImpl.java:229)
	at lucee.runtime.type.scope.UndefinedImpl.call(UndefinedImpl.java:766)
	at lucee.runtime.util.VariableUtilImpl.callFunctionWithoutNamedValues(VariableUtilImpl.java:742)
	at lucee.runtime.PageContextImpl.getFunction(PageContextImpl.java:1590)
	at framework.one_cfc$cf.udfCall5(/Users/nischi/Sites/nis_bots/framework/one.cfc:816)
	at framework.one_cfc$cf.udfCall(/Users/nischi/Sites/nis_bots/framework/one.cfc)
	at lucee.runtime.type.UDFImpl.implementation(UDFImpl.java:111)
	at lucee.runtime.type.UDFImpl._call(UDFImpl.java:328)
	at lucee.runtime.type.UDFImpl.call(UDFImpl.java:229)
	at lucee.runtime.ComponentImpl._call(ComponentImpl.java:642)
	at lucee.runtime.ComponentImpl._call(ComponentImpl.java:524)
	at lucee.runtime.ComponentImpl.call(ComponentImpl.java:1761)
	at lucee.runtime.listener.ModernAppListener.call(ModernAppListener.java:405)
	at lucee.runtime.listener.ModernAppListener._onRequest(ModernAppListener.java:221)
	at lucee.runtime.listener.MixedAppListener.onRequest(MixedAppListener.java:35)
	at lucee.runtime.PageContextImpl.execute(PageContextImpl.java:2262)
	at lucee.runtime.PageContextImpl.execute(PageContextImpl.java:2225)
	at lucee.runtime.engine.CFMLEngineImpl.serviceCFML(CFMLEngineImpl.java:456)
	at lucee.loader.servlet.CFMLServlet.service(CFMLServlet.java:47)
	at javax.servlet.http.HttpServlet.service(HttpServlet.java:725)
	at org.apache.catalina.core.ApplicationFilterChain.internalDoFilter(ApplicationFilterChain.java:291)
	at org.apache.catalina.core.ApplicationFilterChain.doFilter(ApplicationFilterChain.java:206)
	at org.apache.tomcat.websocket.server.WsFilter.doFilter(WsFilter.java:52)
	at org.apache.catalina.core.ApplicationFilterChain.internalDoFilter(ApplicationFilterChain.java:239)
	at org.apache.catalina.core.ApplicationFilterChain.doFilter(ApplicationFilterChain.java:206)
	at org.apache.catalina.core.StandardWrapperValve.invoke(StandardWrapperValve.java:219)
	at org.apache.catalina.core.StandardContextValve.invoke(StandardContextValve.java:106)
	at org.apache.catalina.authenticator.AuthenticatorBase.invoke(AuthenticatorBase.java:501)
	at org.apache.catalina.core.StandardHostValve.invoke(StandardHostValve.java:142)
	at org.apache.catalina.valves.ErrorReportValve.invoke(ErrorReportValve.java:79)
	at org.apache.catalina.valves.AbstractAccessLogValve.invoke(AbstractAccessLogValve.java:610)
	at org.apache.catalina.core.StandardEngineValve.invoke(StandardEngineValve.java:88)
	at org.apache.catalina.connector.CoyoteAdapter.service(CoyoteAdapter.java:537)
	at org.apache.coyote.http11.AbstractHttp11Processor.process(AbstractHttp11Processor.java:1085)
	at org.apache.coyote.AbstractProtocol$AbstractConnectionHandler.process(AbstractProtocol.java:658)
	at org.apache.coyote.http11.Http11NioProtocol$Http11ConnectionHandler.process(Http11NioProtocol.java:222)
	at org.apache.tomcat.util.net.NioEndpoint$SocketProcessor.doRun(NioEndpoint.java:1556)
	at org.apache.tomcat.util.net.NioEndpoint$SocketProcessor.run(NioEndpoint.java:1513)
	at java.util.concurrent.ThreadPoolExecutor.runWorker(ThreadPoolExecutor.java:1145)
	at java.util.concurrent.ThreadPoolExecutor$Worker.run(ThreadPoolExecutor.java:615)
	at org.apache.tomcat.util.threads.TaskThread$WrappingRunnable.run(TaskThread.java:61)
	at java.lang.Thread.run(Thread.java:745)
"
